<?xml version="1.0" encoding="UTF-8"?>
<testng-results skipped="0" failed="0" ignored="0" total="2" passed="2">
  <reporter-output>
  </reporter-output>
  <suite name="Default suite" duration-ms="11601" started-at="2019-11-16T10:17:29Z" finished-at="2019-11-16T10:17:41Z">
    <groups>
    </groups>
    <test name="Default test" duration-ms="11601" started-at="2019-11-16T10:17:29Z" finished-at="2019-11-16T10:17:41Z">
      <class name="testPackage.LoginTest">
        <test-method status="PASS" signature="beforeTest(org.testng.ITestContext)[pri:0, instance:testPackage.LoginTest@ceda24]" name="beforeTest" is-config="true" duration-ms="8641" started-at="2019-11-16T10:17:29Z" finished-at="2019-11-16T10:17:38Z">
          <params>
            <param index="0">
              <value>
                <![CDATA[org.testng.TestRunner@13f69cc]]>
              </value>
            </param>
          </params>
          <reporter-output>
          </reporter-output>
        </test-method> <!-- beforeTest -->
        <test-method status="PASS" signature="beforeMethod(org.testng.ITestResult)[pri:0, instance:testPackage.LoginTest@ceda24]" name="beforeMethod" is-config="true" duration-ms="1" started-at="2019-11-16T10:17:38Z" finished-at="2019-11-16T10:17:38Z">
          <params>
            <param index="0">
              <value>
                <![CDATA[[TestResult name=verifyLogin status=SUCCESS method=LoginTest.verifyLogin()[pri:0, instance:testPackage.LoginTest@ceda24] output={null}]]]>
              </value>
            </param>
          </params>
          <reporter-output>
          </reporter-output>
        </test-method> <!-- beforeMethod -->
        <test-method status="PASS" signature="verifyLogin()[pri:0, instance:testPackage.LoginTest@ceda24]" name="verifyLogin" duration-ms="9" started-at="2019-11-16T10:17:38Z" finished-at="2019-11-16T10:17:38Z">
          <reporter-output>
          </reporter-output>
        </test-method> <!-- verifyLogin -->
        <test-method status="PASS" signature="afterMethod(org.testng.ITestResult)[pri:0, instance:testPackage.LoginTest@ceda24]" name="afterMethod" is-config="true" duration-ms="1" started-at="2019-11-16T10:17:38Z" finished-at="2019-11-16T10:17:38Z">
          <params>
            <param index="0">
              <value>
                <![CDATA[[TestResult name=verifyLogin status=SUCCESS method=LoginTest.verifyLogin()[pri:0, instance:testPackage.LoginTest@ceda24] output={null}]]]>
              </value>
            </param>
          </params>
          <reporter-output>
          </reporter-output>
        </test-method> <!-- afterMethod -->
        <test-method status="PASS" signature="beforeMethod(org.testng.ITestResult)[pri:0, instance:testPackage.LoginTest@ceda24]" name="beforeMethod" is-config="true" duration-ms="1" started-at="2019-11-16T10:17:38Z" finished-at="2019-11-16T10:17:38Z">
          <params>
            <param index="0">
              <value>
                <![CDATA[[TestResult name=verifyLoginErrorMessage status=SUCCESS method=LoginTest.verifyLoginErrorMessage()[pri:0, instance:testPackage.LoginTest@ceda24] output={null}]]]>
              </value>
            </param>
          </params>
          <reporter-output>
          </reporter-output>
        </test-method> <!-- beforeMethod -->
        <test-method status="PASS" signature="verifyLoginErrorMessage()[pri:0, instance:testPackage.LoginTest@ceda24]" name="verifyLoginErrorMessage" duration-ms="2568" started-at="2019-11-16T10:17:38Z" finished-at="2019-11-16T10:17:41Z">
          <reporter-output>
          </reporter-output>
        </test-method> <!-- verifyLoginErrorMessage -->
        <test-method status="PASS" signature="afterMethod(org.testng.ITestResult)[pri:0, instance:testPackage.LoginTest@ceda24]" name="afterMethod" is-config="true" duration-ms="0" started-at="2019-11-16T10:17:41Z" finished-at="2019-11-16T10:17:41Z">
          <params>
            <param index="0">
              <value>
                <![CDATA[[TestResult name=verifyLoginErrorMessage status=SUCCESS method=LoginTest.verifyLoginErrorMessage()[pri:0, instance:testPackage.LoginTest@ceda24] output={null}]]]>
              </value>
            </param>
          </params>
          <reporter-output>
          </reporter-output>
        </test-method> <!-- afterMethod -->
        <test-method status="PASS" signature="afterTest(org.testng.ITestContext)[pri:0, instance:testPackage.LoginTest@ceda24]" name="afterTest" is-config="true" duration-ms="340" started-at="2019-11-16T10:17:41Z" finished-at="2019-11-16T10:17:41Z">
          <params>
            <param index="0">
              <value>
                <![CDATA[org.testng.TestRunner@13f69cc]]>
              </value>
            </param>
          </params>
          <reporter-output>
          </reporter-output>
        </test-method> <!-- afterTest -->
        <test-method status="PASS" signature="afterSuite()[pri:0, instance:testPackage.LoginTest@ceda24]" name="afterSuite" is-config="true" duration-ms="1616" started-at="2019-11-16T10:17:41Z" finished-at="2019-11-16T10:17:43Z">
          <reporter-output>
          </reporter-output>
        </test-method> <!-- afterSuite -->
      </class> <!-- testPackage.LoginTest -->
    </test> <!-- Default test -->
  </suite> <!-- Default suite -->
</testng-results>
